SF:/home/juanperez/dev/plain-db/src/Errors.ts
FNF:0
FNH:0
BRDA:1,0,0,2
BRF:1
BRH:1
DA:1,11
DA:2,11
DA:3,11
DA:4,11
LH:4
LF:4
end_of_record
SF:/home/juanperez/dev/plain-db/src/Store.ts
FN:37,_read
FN:44,_write
FN:48,<instance_members_initializer>
FN:51,Store
FN:52,_get
FN:55,get
FN:59,_set
FN:93,_commit
FN:93,_rollBack
FN:94,set
FN:116,remove
FN:142,push
FN:162,find
FN:208,findOne
FN:233,findAndRemove
FN:262,findOneAndRemove
FN:272,_notify
FN:292,subscribe
FN:298,on
FN:301,off
FN:326,_checkRule
FN:51,getPrivateData
FN:54,setData
FN:58,getPrivateNewData
FN:102,_getAndCheck
FN:110,_applyTransformations
FN:474,_checkPermission
FN:538,_checkValidation
FN:560,_findTransformations
FNDA:1066,_read
FNDA:773,_write
FNDA:797,<instance_members_initializer>
FNDA:797,Store
FNDA:3911,_get
FNDA:1186,get
FNDA:1142,_set
FNDA:1025,_commit
FNDA:117,_rollBack
FNDA:878,set
FNDA:165,remove
FNDA:90,push
FNDA:109,find
FNDA:78,findOne
FNDA:25,findAndRemove
FNDA:45,findOneAndRemove
FNDA:434,_notify
FNDA:24,subscribe
FNDA:20,on
FNDA:8,off
FNDA:1211,_checkRule
FNDA:56,getPrivateData
FNDA:306,setData
FNDA:6,getPrivateNewData
FNDA:310,_getAndCheck
FNDA:608,_applyTransformations
FNDA:462,_checkPermission
FNDA:190,_checkValidation
FNDA:190,_findTransformations
FNF:29
FNH:29
BRDA:16,0,0,3
BRDA:326,0,1,3
BRDA:16,0,2,2
BRDA:321,0,3,2
BRDA:321,0,4,3
BRDA:16,0,5,1
BRDA:158,0,6,189
BRDA:425,0,7,1
BRDA:542,0,8,27
BRDA:16,0,9,1
BRDA:442,0,10,1
BRDA:548,0,11,27
BRDA:49,3,0,131
BRDA:49,3,1,131
BRDA:52,4,0,470
BRDA:52,4,1,473
BRDA:70,4,2,262
BRDA:71,4,3,160
BRDA:71,4,4,152
BRDA:72,4,5,160
BRDA:72,4,6,238
BRDA:75,5,0,652
BRDA:93,6,0,248
BRDA:96,6,1,214
BRDA:72,7,0,117
BRDA:76,7,1,1025
BRDA:115,7,2,209
BRDA:118,7,3,0
BRDA:133,7,4,190
BRDA:152,7,5,30
BRDA:128,7,6,209
BRDA:133,7,7,0
BRDA:145,7,8,190
BRDA:161,7,9,30
BRDA:155,8,0,179
BRDA:166,8,1,179
BRDA:162,9,0,30
BRDA:178,9,1,30
BRDA:97,10,0,9
BRDA:103,10,1,869
BRDA:105,10,2,18
BRDA:113,10,3,851
BRDA:114,10,4,860
BRDA:176,10,5,174
BRDA:178,10,6,1
BRDA:183,10,7,173
BRDA:204,10,8,3
BRDA:208,10,9,170
BRDA:209,10,10,172
BRDA:202,10,11,174
BRDA:204,10,12,1
BRDA:207,10,13,173
BRDA:209,10,14,3
BRDA:211,10,15,170
BRDA:215,10,16,172
BRDA:121,11,0,147
BRDA:130,11,1,102
BRDA:140,11,2,45
BRDA:140,11,3,147
BRDA:211,11,4,22
BRDA:218,11,5,21
BRDA:230,11,6,20
BRDA:230,11,7,14
BRDA:237,11,8,6
BRDA:239,11,9,19
BRDA:229,11,10,22
BRDA:233,11,11,21
BRDA:235,11,12,20
BRDA:237,11,13,14
BRDA:241,11,14,6
BRDA:246,11,15,19
BRDA:148,12,0,9
BRDA:152,12,1,81
BRDA:153,12,2,135
BRDA:159,12,3,63
BRDA:161,12,4,36
BRDA:161,12,5,27
BRDA:240,12,6,13
BRDA:244,12,7,2
BRDA:260,12,8,11
BRDA:263,12,9,17
BRDA:269,12,10,9
BRDA:270,12,11,4
BRDA:270,12,12,5
BRDA:260,12,13,13
BRDA:263,12,14,2
BRDA:266,12,15,11
BRDA:270,12,16,17
BRDA:274,12,17,9
BRDA:275,12,18,4
BRDA:275,12,19,5
BRDA:170,13,0,27
BRDA:176,13,1,136
BRDA:183,13,2,194
BRDA:205,13,3,74
BRDA:208,13,4,49
BRDA:162,13,5,54
BRDA:183,13,6,96
BRDA:208,13,7,36
BRDA:210,13,8,24
BRDA:271,13,9,28
BRDA:275,13,10,4
BRDA:286,13,11,24
BRDA:289,13,12,59
BRDA:295,13,13,39
BRDA:296,13,14,17
BRDA:286,13,15,28
BRDA:289,13,16,4
BRDA:291,13,17,24
BRDA:294,13,18,59
BRDA:300,13,19,39
BRDA:303,13,20,17
BRDA:210,14,0,12
BRDA:211,14,1,40
BRDA:217,14,2,64
BRDA:231,14,3,31
BRDA:233,14,4,1
BRDA:210,14,5,57
BRDA:212,14,6,6
BRDA:217,14,7,18
BRDA:230,14,8,30
BRDA:238,14,9,15
BRDA:240,14,10,0
BRDA:208,14,11,40
BRDA:233,14,12,2
BRDA:298,14,13,23
BRDA:302,14,14,2
BRDA:320,14,15,10
BRDA:320,14,16,14
BRDA:326,14,17,8
BRDA:327,14,18,1
BRDA:318,14,19,23
BRDA:322,14,20,2
BRDA:324,14,21,10
BRDA:325,14,22,14
BRDA:331,14,23,8
BRDA:334,14,24,1
BRDA:237,15,0,21
BRDA:238,15,1,4
BRDA:261,15,2,17
BRDA:240,15,3,18
BRDA:244,15,4,15
BRDA:244,15,5,3
BRDA:268,15,6,12
BRDA:234,15,7,12
BRDA:238,15,8,10
BRDA:238,15,9,2
BRDA:261,15,10,8
BRDA:329,15,11,8
BRDA:331,15,12,7
BRDA:332,15,13,1
BRDA:354,15,14,5
BRDA:241,15,15,8
BRDA:351,15,16,8
BRDA:352,15,17,7
BRDA:352,15,18,1
BRDA:359,15,19,5
BRDA:264,16,0,41
BRDA:264,16,1,4
BRDA:269,16,2,9
BRDA:272,16,3,13
BRDA:269,16,4,33
BRDA:271,16,5,30
BRDA:272,16,6,3
BRDA:272,16,7,6
BRDA:288,16,8,9
BRDA:262,16,9,22
BRDA:264,16,10,20
BRDA:266,16,11,2
BRDA:269,16,12,4
BRDA:272,16,13,6
BRDA:355,16,14,12
BRDA:357,16,15,11
BRDA:357,16,16,1
BRDA:375,16,17,3
BRDA:377,16,18,4
BRDA:375,16,19,12
BRDA:376,16,20,11
BRDA:376,16,21,1
BRDA:378,16,22,3
BRDA:382,16,23,4
BRDA:275,17,0,40
BRDA:289,17,1,32
BRDA:288,17,2,321
BRDA:290,17,3,30
BRDA:295,17,4,24
BRDA:272,17,5,216
BRDA:275,17,6,20
BRDA:289,17,7,16
BRDA:442,17,8,179
BRDA:447,17,9,17
BRDA:454,17,10,1
BRDA:458,17,11,16
BRDA:466,17,12,14
BRDA:471,17,13,0
BRDA:474,17,14,178
BRDA:452,17,15,179
BRDA:453,17,16,17
BRDA:459,17,17,1
BRDA:465,17,18,16
BRDA:470,17,19,14
BRDA:477,17,20,0
BRDA:484,17,21,178
BRDA:298,18,0,18
BRDA:292,18,1,12
BRDA:379,18,2,12
BRDA:397,18,3,12
BRDA:318,19,0,15
BRDA:298,19,1,10
BRDA:401,19,2,5
BRDA:420,19,3,5
BRDA:324,20,0,4
BRDA:322,20,1,6
BRDA:330,20,2,3
BRDA:302,20,3,4
BRDA:325,20,4,2
BRDA:423,20,5,2
BRDA:442,20,6,1
BRDA:436,20,7,2
BRDA:447,20,8,1
BRDA:351,22,0,40
BRDA:353,22,1,1171
BRDA:375,22,2,148
BRDA:377,22,3,1015
BRDA:378,22,4,196
BRDA:333,22,5,897
BRDA:355,22,6,30
BRDA:357,22,7,867
BRDA:379,22,8,111
BRDA:383,22,9,750
BRDA:396,22,10,147
BRDA:327,22,11,604
BRDA:352,22,12,20
BRDA:354,22,13,584
BRDA:375,22,14,74
BRDA:377,22,15,506
BRDA:379,22,16,98
BRDA:52,23,0,0
BRDA:59,25,0,0
BRDA:113,27,0,451
BRDA:114,27,1,604
BRDA:110,27,2,608
BRDA:113,27,3,451
BRDA:115,27,4,26
BRDA:115,27,5,26
BRDA:118,27,6,189
BRDA:122,27,7,604
BRDA:501,28,0,11
BRDA:503,28,1,451
BRDA:517,28,2,204
BRDA:520,28,3,451
BRDA:521,28,4,41
BRDA:529,28,5,408
BRDA:530,28,6,54
BRDA:494,28,7,462
BRDA:505,28,8,11
BRDA:514,28,9,451
BRDA:521,28,10,204
BRDA:527,28,11,451
BRDA:530,28,12,41
BRDA:539,28,13,408
BRDA:541,28,14,54
BRDA:558,29,0,11
BRDA:545,29,1,190
BRDA:563,29,2,11
BRDA:569,30,0,16
BRDA:569,30,1,190
BRDA:575,30,2,16
BRF:268
BRH:261
DA:1,11
DA:2,11
DA:3,11
DA:5,11
DA:6,11
DA:7,11
DA:8,11
DA:9,11
DA:10,11
DA:11,11
DA:12,11
DA:13,11
DA:14,11
DA:16,11
DA:31,11
DA:32,11
DA:33,11
DA:34,11
DA:35,11
DA:37,11
DA:44,11
DA:48,808
DA:49,1070
DA:50,273
DA:51,0
DA:52,4184
DA:53,4184
DA:54,579
DA:55,1765
DA:56,1459
DA:57,1459
DA:58,0
DA:59,1415
DA:69,1415
DA:70,1677
DA:71,1677
DA:72,1532
DA:74,1532
DA:75,2067
DA:76,273
DA:87,273
DA:88,273
DA:89,273
DA:90,273
DA:91,273
DA:93,521
DA:94,1399
DA:95,1399
DA:96,1613
DA:97,1622
DA:98,1622
DA:99,1160
DA:101,1160
DA:102,1461
DA:103,2330
DA:104,1151
DA:105,1169
DA:106,1169
DA:107,1169
DA:108,1169
DA:110,2385
DA:112,2367
DA:113,2818
DA:114,3070
DA:115,1567
DA:116,1706
DA:117,0
DA:118,1895
DA:119,1706
DA:120,1706
DA:121,1402
DA:122,2006
DA:123,794
DA:124,794
DA:125,794
DA:126,794
DA:128,856
DA:130,958
DA:132,0
DA:133,1148
DA:135,1148
DA:136,1046
DA:137,1046
DA:138,1046
DA:139,1046
DA:140,881
DA:141,881
DA:142,971
DA:145,1161
DA:147,1161
DA:148,971
DA:149,971
DA:150,971
DA:151,971
DA:152,971
DA:153,897
DA:155,1076
DA:156,1076
DA:157,1076
DA:158,1130
DA:159,1004
DA:160,1004
DA:161,512
DA:162,705
DA:163,675
DA:164,466
DA:165,466
DA:166,645
DA:168,615
DA:170,615
DA:176,746
DA:177,746
DA:178,640
DA:183,1073
DA:198,1073
DA:199,1073
DA:200,1073
DA:202,1247
DA:203,1074
DA:204,1078
DA:205,1077
DA:207,944
DA:208,889
DA:209,914
DA:210,625
DA:211,684
DA:212,860
DA:213,690
DA:215,816
DA:217,898
DA:218,573
DA:228,573
DA:229,556
DA:230,600
DA:231,631
DA:232,458
DA:233,464
DA:234,455
DA:235,441
DA:237,461
DA:238,470
DA:239,0
DA:240,377
DA:241,371
DA:243,377
DA:244,373
DA:246,392
DA:247,351
DA:256,349
DA:257,349
DA:258,349
DA:260,340
DA:261,328
DA:262,384
DA:263,403
DA:264,401
DA:266,412
DA:268,377
DA:269,412
DA:270,416
DA:271,364
DA:272,1003
DA:274,1003
DA:275,1054
DA:285,1050
DA:286,1102
DA:287,1063
DA:288,1360
DA:289,1439
DA:290,1425
DA:291,763
DA:292,799
DA:293,775
DA:294,834
DA:295,775
DA:296,360
DA:298,431
DA:299,431
DA:300,450
DA:301,409
DA:302,356
DA:303,373
DA:304,328
DA:314,310
DA:315,310
DA:316,310
DA:318,346
DA:320,360
DA:321,351
DA:322,353
DA:323,351
DA:324,355
DA:325,353
DA:326,1553
DA:327,2131
DA:329,2139
DA:330,2142
DA:331,2147
DA:332,2133
DA:333,3016
DA:334,3017
DA:335,2993
DA:346,2993
DA:347,2993
DA:348,2993
DA:349,2993
DA:351,3041
DA:352,3021
DA:353,4172
DA:354,4748
DA:355,4790
DA:356,4760
DA:357,5627
DA:359,4461
DA:360,4448
DA:370,3864
DA:371,3864
DA:372,3864
DA:373,3864
DA:375,4101
DA:376,3864
DA:377,3503
DA:378,1185
DA:379,1308
DA:380,1305
DA:382,1198
DA:383,1932
DA:386,1182
DA:396,1329
DA:397,297
DA:398,285
DA:400,285
DA:401,290
DA:402,290
DA:403,290
DA:404,290
DA:405,290
DA:406,290
DA:407,278
DA:408,278
DA:419,278
DA:420,283
DA:421,283
DA:422,278
DA:423,280
DA:424,280
DA:425,281
DA:426,281
DA:427,276
DA:435,275
DA:436,277
DA:438,275
DA:439,275
DA:440,275
DA:441,275
DA:442,454
DA:443,454
DA:444,454
DA:446,454
DA:447,472
DA:448,471
DA:449,469
DA:451,469
DA:452,648
DA:453,665
DA:454,666
DA:456,666
DA:457,665
DA:458,681
DA:459,682
DA:460,682
DA:461,682
DA:462,682
DA:463,682
DA:464,681
DA:465,681
DA:466,695
DA:467,695
DA:469,679
DA:470,0
DA:471,0
DA:472,0
DA:473,0
DA:474,352
DA:477,0
DA:478,0
DA:479,0
DA:480,0
DA:481,0
DA:482,800
DA:483,783
DA:484,604
DA:488,473
DA:490,473
DA:491,473
DA:492,473
DA:494,935
DA:495,935
DA:496,935
DA:497,935
DA:498,935
DA:500,946
DA:501,946
DA:502,935
DA:503,1386
DA:504,1386
DA:505,1397
DA:506,1397
DA:507,1397
DA:508,1397
DA:509,1397
DA:511,1397
DA:512,1397
DA:513,1386
DA:514,1837
DA:515,1837
DA:516,1386
DA:517,1590
DA:518,1386
DA:520,935
DA:521,1180
DA:522,1180
DA:523,1180
DA:524,1180
DA:525,1180
DA:526,976
DA:527,935
DA:529,935
DA:530,514
DA:531,514
DA:532,514
DA:533,514
DA:534,514
DA:536,514
DA:537,514
DA:538,663
DA:539,1071
DA:540,1071
DA:541,717
DA:542,690
DA:543,228
DA:544,228
DA:545,418
DA:546,418
DA:547,418
DA:548,445
DA:549,445
DA:550,445
DA:551,445
DA:552,418
DA:553,418
DA:554,418
DA:555,418
DA:556,418
DA:557,418
DA:558,228
DA:560,418
DA:561,391
DA:562,391
DA:563,402
DA:564,402
DA:565,402
DA:566,391
DA:567,201
DA:568,201
DA:569,407
DA:571,407
DA:573,407
DA:574,407
DA:575,423
DA:576,423
DA:577,423
DA:578,423
DA:579,423
DA:580,217
DA:581,217
DA:582,217
DA:583,217
DA:584,217
DA:586,217
DA:587,217
DA:588,217
DA:589,217
DA:590,217
DA:591,201
DA:593,201
DA:594,11
DA:595,11
LH:374
LF:388
end_of_record
SF:/home/juanperez/dev/plain-db/src/StoreFile.ts
FN:1,<instance_members_initializer>
FN:1,StoreFile
FN:1,get storePath
FN:1,set
FN:1,push
FN:34,remove
FN:38,findAndRemove
FN:43,findOneAndRemove
FN:58,deleteStore
FN:1,StoreFile.writeLazy
FN:57,_set
FNDA:272,<instance_members_initializer>
FNDA:272,StoreFile
FNDA:292,get storePath
FNDA:128,set
FNDA:27,push
FNDA:48,remove
FNDA:28,findAndRemove
FNDA:82,findOneAndRemove
FNDA:110,deleteStore
FNDA:0,StoreFile.writeLazy
FNDA:88,_set
FNF:11
FNH:10
BRDA:2,0,0,2
BRDA:43,0,1,28
BRDA:60,0,2,0
BRDA:15,1,0,76
BRDA:13,2,0,254
BRDA:13,2,1,216
BRDA:16,2,2,254
BRDA:17,2,3,18
BRDA:19,2,4,254
BRDA:19,2,5,254
BRDA:33,2,6,76
BRDA:35,2,7,72
BRDA:35,2,8,52
BRDA:36,2,9,72
BRDA:36,2,10,72
BRDA:37,2,11,72
BRDA:37,2,12,4
BRDA:38,2,13,72
BRDA:38,2,14,72
BRDA:50,3,0,196
BRDA:1,4,0,56
BRDA:30,5,0,18
BRDA:36,6,0,21
BRDA:37,6,1,30
BRDA:1,7,0,1
BRDA:41,7,1,10
BRDA:57,8,0,1
BRDA:58,8,1,10
BRDA:1,9,0,18
BRDA:75,9,1,92
BRDA:80,9,2,28
BRDA:82,9,3,4
BRDA:84,9,4,24
BRDA:59,11,0,66
BRDA:63,11,1,86
BRF:35
BRH:34
DA:1,11
DA:2,11
DA:3,11
DA:5,11
DA:6,11
DA:9,11
DA:10,283
DA:11,283
DA:13,283
DA:14,283
DA:15,359
DA:16,359
DA:17,359
DA:19,359
DA:20,283
DA:22,11
DA:30,283
DA:32,11
DA:33,87
DA:34,135
DA:35,135
DA:36,135
DA:37,87
DA:38,115
DA:39,115
DA:40,0
DA:41,87
DA:42,87
DA:43,169
DA:46,93
DA:48,93
DA:49,93
DA:50,289
DA:53,93
DA:54,93
DA:55,93
DA:57,99
DA:58,209
DA:59,0
DA:60,0
DA:63,313
DA:75,213
DA:78,213
DA:79,11
DA:80,39
DA:81,39
DA:82,43
DA:84,63
LH:45
LF:48
end_of_record
SF:/home/juanperez/dev/plain-db/src/StoreJson.ts
FN:1,load
FN:19,write
FNDA:173,load
FNDA:79,write
FNF:2
FNH:2
BRDA:3,0,0,2
BRDA:1,1,0,56
BRDA:1,1,1,117
BRDA:14,1,2,54
BRDA:17,1,3,24
BRDA:17,1,4,30
BRDA:31,2,0,28
BRF:7
BRH:7
DA:1,11
DA:3,11
DA:4,11
DA:7,11
DA:8,184
DA:9,184
DA:12,184
DA:13,301
DA:14,355
DA:15,355
DA:17,385
DA:18,95
DA:19,174
DA:21,174
DA:26,90
DA:29,90
DA:30,90
DA:31,39
DA:32,39
DA:34,39
DA:35,39
DA:36,39
DA:37,39
LH:23
LF:23
end_of_record
SF:/home/juanperez/dev/plain-db/src/StoreYaml.ts
FN:18,load
FN:35,write
FNDA:26,load
FNDA:12,write
FNF:2
FNH:2
BRDA:3,0,0,9
BRDA:21,1,0,12
BRDA:21,1,1,14
BRDA:11,1,2,117
BRDA:1,1,3,54
BRDA:1,1,4,63
BRDA:23,2,0,72
BRF:7
BRH:7
DA:1,11
DA:3,11
DA:4,11
DA:5,11
DA:8,11
DA:9,11
DA:11,11
DA:12,128
DA:13,128
DA:16,128
DA:17,191
DA:18,217
DA:19,217
DA:21,231
DA:22,51
DA:23,123
DA:25,123
DA:30,83
DA:33,83
DA:34,83
DA:35,23
DA:36,23
DA:38,23
DA:39,23
LH:24
LF:24
end_of_record
SF:/home/juanperez/dev/plain-db/src/deps.ts
FNF:0
FNH:0
BRDA:3,0,0,2
BRF:1
BRH:1
DA:1,11
DA:3,11
DA:4,11
DA:5,11
DA:6,11
DA:7,11
LH:6
LF:6
end_of_record
SF:/home/juanperez/dev/plain-db/src/helpers.ts
FN:16,isObject
FN:20,keysFromPath
FN:24,pathFromKeys
FN:28,addChildToKeys
FN:34,findParam
FN:41,deepClone
FN:60,isValidNumber
FN:69,deepGet
FN:75,deepSet
FN:113,findRuleAndParams
FN:16,isObjectOrArray
FN:41,noop
FN:48,applyCloneOnGet
FN:53,set
FN:56,get
FN:68,assertDeepClone
FN:90,deepMerge
FN:141,isNumberKey
FN:193,del
FN:243,findDeepestRule
FN:289,findAllRules
FN:364,debounce
FN:369,watcher
FN:387,debounced
FNDA:26170,isObject
FNDA:2668,keysFromPath
FNDA:573,pathFromKeys
FNDA:594,addChildToKeys
FNDA:3396,findParam
FNDA:9659,deepClone
FNDA:1847,isValidNumber
FNDA:6605,deepGet
FNDA:1232,deepSet
FNDA:2766,findRuleAndParams
FNDA:3284,isObjectOrArray
FNDA:143,noop
FNDA:1338,applyCloneOnGet
FNDA:3,set
FNDA:180,get
FNDA:20,assertDeepClone
FNDA:6,deepMerge
FNDA:1374,isNumberKey
FNDA:72,del
FNDA:468,findDeepestRule
FNDA:578,findAllRules
FNDA:40,debounce
FNDA:22,watcher
FNDA:43,debounced
FNF:24
FNH:24
BRDA:21,0,0,4218
BRDA:55,0,1,9595
BRDA:58,0,2,3363
BRDA:58,0,3,6232
BRDA:71,0,4,3406
BRDA:71,0,5,3150
BRDA:71,0,6,2510
BRDA:71,0,7,896
BRDA:16,0,8,1
BRDA:21,0,9,746
BRDA:120,0,10,937
BRDA:121,0,11,228
BRDA:124,0,12,709
BRDA:138,0,13,877
BRDA:138,0,14,852
BRDA:138,0,15,787
BRDA:138,0,16,90
BRDA:392,0,17,43
BRDA:16,0,18,1
BRDA:28,0,19,746
BRDA:200,0,20,940
BRDA:201,0,21,229
BRDA:202,0,22,711
BRDA:211,0,23,877
BRDA:211,0,24,851
BRDA:212,0,25,786
BRDA:212,0,26,91
BRDA:1,0,27,43
BRDA:17,1,0,13742
BRDA:20,2,0,434
BRDA:24,2,1,434
BRDA:24,4,0,84
BRDA:29,4,1,84
BRDA:28,5,0,101
BRDA:34,5,1,101
BRDA:35,6,0,5955
BRDA:37,6,1,405
BRDA:40,6,2,2991
BRDA:34,6,3,1145
BRDA:35,6,4,2097
BRDA:36,6,5,141
BRDA:37,6,6,1004
BRDA:40,6,7,1145
BRDA:48,6,8,2097
BRDA:48,6,9,141
BRDA:50,6,10,1004
BRDA:48,7,0,1200
BRDA:48,7,1,8459
BRDA:51,7,2,2454
BRDA:51,7,3,6005
BRDA:113,7,4,1272
BRDA:114,7,5,424
BRDA:114,7,6,848
BRDA:115,7,7,110
BRDA:115,7,8,738
BRDA:181,7,9,1274
BRDA:182,7,10,424
BRDA:182,7,11,850
BRDA:191,7,12,110
BRDA:191,7,13,740
BRDA:58,8,0,418
BRDA:58,8,1,773
BRDA:65,9,0,228
BRDA:134,10,0,1107
BRDA:210,10,1,1107
BRDA:71,11,0,392
BRDA:71,11,1,312
BRDA:71,11,2,112
BRDA:82,12,0,2099
BRDA:83,12,1,0
BRDA:90,12,2,0
BRDA:90,12,3,1619
BRDA:92,12,4,90
BRDA:92,12,5,1529
BRDA:93,12,6,1232
BRDA:93,12,7,147
BRDA:96,12,8,1085
BRDA:200,12,9,678
BRDA:206,12,10,1115
BRDA:207,12,11,0
BRDA:208,12,12,0
BRDA:212,12,13,159
BRDA:212,12,14,4
BRDA:214,12,15,1111
BRDA:215,12,16,956
BRDA:215,12,17,2
BRDA:215,12,18,2
BRDA:218,12,19,1109
BRDA:223,12,20,672
BRDA:1,12,21,72
BRDA:1,12,22,600
BRDA:226,12,23,437
BRDA:228,12,24,230
BRDA:230,12,25,67
BRDA:230,12,26,163
BRDA:232,12,27,1109
BRDA:235,12,28,672
BRDA:262,12,29,678
BRDA:267,12,30,1115
BRDA:269,12,31,0
BRDA:270,12,32,0
BRDA:274,12,33,159
BRDA:276,12,34,4
BRDA:279,12,35,1111
BRDA:279,12,36,956
BRDA:279,12,37,2
BRDA:289,12,38,2
BRDA:289,12,39,1109
BRDA:294,12,40,672
BRDA:300,12,41,72
BRDA:301,12,42,600
BRDA:302,12,43,437
BRDA:305,12,44,230
BRDA:311,12,45,67
BRDA:311,12,46,163
BRDA:312,12,47,1109
BRDA:313,12,48,672
BRDA:120,13,0,3387
BRDA:138,13,1,2478
BRDA:138,13,2,702
BRDA:141,13,3,2685
BRDA:142,13,4,387
BRDA:181,13,5,2298
BRDA:189,13,6,1089
BRDA:194,13,7,720
BRDA:202,13,8,1089
BRDA:17,14,0,1477
BRDA:20,14,1,3289
BRDA:21,14,2,1484
BRDA:53,15,0,144
BRDA:54,16,0,1338
BRDA:189,17,0,830
BRDA:58,17,1,3
BRDA:258,17,2,830
BRDA:57,18,0,37
BRDA:59,18,1,143
BRDA:181,18,2,1639
BRDA:62,18,3,188
BRDA:65,18,4,44
BRDA:68,18,5,144
BRDA:255,18,6,1637
BRDA:69,19,0,10
BRDA:70,19,1,1
BRDA:72,19,2,9
BRDA:74,19,3,10
BRDA:75,19,4,1
BRDA:78,19,5,9
BRDA:79,19,6,10
BRDA:81,19,7,6
BRDA:75,19,8,20
BRDA:76,19,9,10
BRDA:79,19,10,1
BRDA:82,19,11,9
BRDA:82,19,12,10
BRDA:83,19,13,1
BRDA:90,19,14,9
BRDA:90,19,15,10
BRDA:92,19,16,6
BRDA:91,20,0,8
BRDA:92,20,1,4
BRDA:92,20,2,4
BRDA:96,20,3,1
BRDA:96,20,4,5
BRDA:97,20,5,0
BRDA:93,20,6,6
BRDA:93,20,7,8
BRDA:96,20,8,4
BRDA:97,20,9,4
BRDA:114,20,10,1
BRDA:114,20,11,5
BRDA:115,20,12,0
BRDA:143,21,0,242
BRDA:213,21,1,1374
BRDA:215,21,2,242
BRDA:260,22,0,72
BRDA:253,23,0,566
BRDA:259,23,1,426
BRDA:260,23,2,126
BRDA:261,23,3,440
BRDA:263,23,4,64
BRDA:265,23,5,376
BRDA:269,23,6,190
BRDA:272,23,7,99
BRDA:275,23,8,190
BRDA:316,23,9,468
BRDA:373,23,10,566
BRDA:378,23,11,426
BRDA:380,23,12,126
BRDA:381,23,13,440
BRDA:384,23,14,64
BRDA:389,23,15,376
BRDA:390,23,16,190
BRDA:394,23,17,99
BRDA:1,23,18,190
BRDA:294,24,0,57
BRDA:301,24,1,524
BRDA:305,24,2,80
BRDA:305,24,3,79
BRDA:309,24,4,194
BRDA:317,24,5,573
BRDA:1,24,6,578
BRDA:1,24,7,57
BRDA:1,24,8,524
BRDA:1,24,9,80
BRDA:1,24,10,79
BRDA:1,24,11,194
BRDA:1,24,12,573
BRDA:1,25,0,40
BRDA:370,26,0,16
BRDA:374,26,1,15
BRDA:375,26,2,40
BRDA:377,26,3,15
BRDA:378,26,4,1
BRDA:379,26,5,3
BRDA:1,26,6,26
BRDA:1,26,7,16
BRDA:1,26,8,15
BRDA:1,26,9,40
BRDA:1,26,10,15
BRDA:1,26,11,1
BRDA:1,26,12,3
BRDA:389,27,0,16
BRDA:1,27,1,43
BRDA:1,27,2,16
BRF:224
BRH:216
DA:15,11
DA:16,3295
DA:17,11
DA:19,2679
DA:20,3113
DA:21,2679
DA:23,11
DA:24,1102
DA:25,1018
DA:27,11
DA:28,790
DA:29,689
DA:31,95
DA:33,11
DA:34,4653
DA:35,6750
DA:36,10507
DA:37,9767
DA:39,11
DA:40,1156
DA:41,10815
DA:43,10815
DA:44,10815
DA:45,10815
DA:46,10815
DA:47,10815
DA:48,20612
DA:50,11008
DA:51,11008
DA:53,11011
DA:54,12346
DA:55,23132
DA:56,23312
DA:57,23349
DA:58,12529
DA:59,3013
DA:60,4860
DA:61,4857
DA:62,4722
DA:63,4722
DA:64,4722
DA:65,3656
DA:67,1537
DA:68,1701
DA:69,8316
DA:70,7985
DA:71,7984
DA:72,50
DA:73,31
DA:74,31
DA:75,1284
DA:76,1293
DA:78,1293
DA:79,1304
DA:80,1294
DA:81,1289
DA:82,0
DA:83,3389
DA:84,3363
DA:86,0
DA:87,0
DA:88,0
DA:89,0
DA:90,4997
DA:91,3376
DA:92,3360
DA:93,4749
DA:94,4741
DA:95,4594
DA:96,0
DA:97,3366
DA:98,3360
DA:112,25
DA:113,4055
DA:114,0
DA:115,4049
DA:116,4049
DA:117,4049
DA:118,4049
DA:119,4049
DA:120,8373
DA:121,7436
DA:122,7436
DA:124,7436
DA:125,6164
DA:133,6164
DA:134,7271
DA:135,7271
DA:136,7271
DA:137,7271
DA:138,6866
DA:140,6164
DA:141,10223
DA:142,10610
DA:143,9236
DA:177,10488
DA:178,10488
DA:179,10488
DA:181,14060
DA:182,13271
DA:184,9118
DA:185,9118
DA:186,9118
DA:187,9118
DA:189,9357
DA:191,8527
DA:192,8599
DA:193,7510
DA:194,8158
DA:195,8158
DA:196,8158
DA:197,8158
DA:198,8158
DA:199,8158
DA:200,9776
DA:201,4729
DA:202,4729
DA:203,4729
DA:204,3455
DA:205,689
DA:206,1804
DA:207,1804
DA:208,1804
DA:209,1804
DA:210,2911
DA:211,3788
DA:212,1808
DA:213,3178
DA:214,3178
DA:215,1806
DA:216,1804
DA:218,2913
DA:220,2913
DA:222,1804
DA:223,2476
DA:224,2476
DA:225,2476
DA:226,1804
DA:227,2241
DA:228,2471
DA:229,2471
DA:230,2241
DA:231,1804
DA:232,2913
DA:233,689
DA:235,1361
DA:236,11
DA:238,11
DA:239,11
DA:240,11
DA:241,11
DA:243,479
DA:244,479
DA:245,479
DA:247,479
DA:249,479
DA:250,479
DA:252,479
DA:253,1045
DA:254,1045
DA:255,2682
DA:256,1045
DA:258,1875
DA:259,1045
DA:260,1171
DA:261,1045
DA:262,2163
DA:263,2227
DA:264,2227
DA:265,2163
DA:266,2539
DA:267,3278
DA:268,0
DA:269,0
DA:270,3028
DA:271,2838
DA:272,2937
DA:273,2937
DA:274,2838
DA:275,3028
DA:276,2276
DA:278,2272
DA:279,2274
DA:280,1806
DA:282,1804
DA:283,1804
DA:284,1804
DA:285,1804
DA:286,1804
DA:287,1804
DA:289,3491
DA:290,3491
DA:291,3491
DA:292,3491
DA:293,2382
DA:294,3111
DA:295,3111
DA:296,3111
DA:297,3111
DA:298,3111
DA:299,3054
DA:300,3054
DA:301,2906
DA:302,3343
DA:304,3343
DA:305,3652
DA:306,3652
DA:307,3573
DA:308,3573
DA:309,3537
DA:310,3537
DA:311,3100
DA:312,1985
DA:313,1307
DA:314,1307
DA:315,1113
DA:316,1057
DA:317,1630
DA:318,479
DA:363,479
DA:364,519
DA:365,519
DA:366,519
DA:368,519
DA:369,541
DA:370,557
DA:371,557
DA:372,557
DA:373,1123
DA:374,1123
DA:375,1163
DA:376,1123
DA:377,1138
DA:378,1124
DA:379,1253
DA:380,1124
DA:381,1563
DA:383,1563
DA:384,1611
DA:385,1589
DA:386,1589
DA:387,1632
DA:388,1568
DA:389,1144
DA:390,1318
DA:391,1318
DA:392,1275
DA:393,1085
DA:394,1144
LH:240
LF:249
end_of_record
SF:/home/juanperez/dev/plain-db/src/rules.ts
FN:5,_read
FN:6,_write
FN:10,_read
FN:11,_write
FN:15,_read
FN:17,_write
FN:22,_read
FN:25,_write
FNDA:352,_read
FNDA:264,_write
FNDA:0,_read
FNDA:0,_write
FNDA:1,_read
FNDA:3,_write
FNDA:0,_read
FNDA:0,_write
FNF:8
FNH:4
BRDA:10,1,0,0
BRDA:15,1,1,1
BRDA:22,1,2,0
BRDA:11,2,0,0
BRDA:17,2,1,3
BRDA:25,2,2,0
BRF:6
BRH:2
DA:3,2
DA:4,2
DA:5,2
DA:6,2
DA:8,2
DA:9,0
DA:10,0
DA:11,2
DA:13,2
DA:14,2
DA:15,2
DA:16,2
DA:17,2
DA:18,2
DA:20,2
DA:21,0
DA:22,2
DA:23,0
DA:24,0
DA:25,0
DA:26,2
LH:15
LF:21
end_of_record
SF:/home/juanperez/dev/plain-db/tests/test_deps.ts
FNF:0
FNH:0
BRDA:6,0,0,2
BRF:1
BRH:1
DA:2,11
DA:3,11
DA:4,11
DA:6,11
DA:8,11
LH:5
LF:5
end_of_record
